<?xml version="1.0" encoding="UTF-8"?>
<testsuites>
  <testsuite name="/home/runner/work/jdr-app/jdr-app/phpunit.xml" tests="86" assertions="403" errors="0" failures="0" skipped="22" time="3.331822">
    <testsuite name="Unit" tests="1" assertions="1" errors="0" failures="0" skipped="0" time="0.005509">
      <testsuite name="Tests\Unit\ExampleTest" file="tests/Unit/ExampleTest.php" tests="1" assertions="1" errors="0" failures="0" skipped="0" time="0.005509">
        <testcase name="that true is true" file="tests/Unit/ExampleTest.php::that true is true" class="Tests\Unit\ExampleTest" classname="Tests.Unit.ExampleTest" assertions="1" time="0.005509"/>
      </testsuite>
    </testsuite>
    <testsuite name="Feature" tests="85" assertions="402" errors="0" failures="0" skipped="22" time="3.326314">
      <testsuite name="Tests\Feature\Auth\AuthenticationTest" file="tests/Feature/Auth/AuthenticationTest.php" tests="4" assertions="8" errors="0" failures="0" skipped="0" time="0.556173">
        <testcase name="login screen can be rendered" file="tests/Feature/Auth/AuthenticationTest.php::login screen can be rendered" class="Tests\Feature\Auth\AuthenticationTest" classname="Tests.Feature.Auth.AuthenticationTest" assertions="1" time="0.249169"/>
        <testcase name="users can authenticate using the login screen" file="tests/Feature/Auth/AuthenticationTest.php::users can authenticate using the login screen" class="Tests\Feature\Auth\AuthenticationTest" classname="Tests.Feature.Auth.AuthenticationTest" assertions="3" time="0.048479"/>
        <testcase name="users can not authenticate with invalid password" file="tests/Feature/Auth/AuthenticationTest.php::users can not authenticate with invalid password" class="Tests\Feature\Auth\AuthenticationTest" classname="Tests.Feature.Auth.AuthenticationTest" assertions="1" time="0.230411"/>
        <testcase name="users can logout" file="tests/Feature/Auth/AuthenticationTest.php::users can logout" class="Tests\Feature\Auth\AuthenticationTest" classname="Tests.Feature.Auth.AuthenticationTest" assertions="3" time="0.028115"/>
      </testsuite>
      <testsuite name="Tests\Feature\Auth\EmailVerificationTest" file="tests/Feature/Auth/EmailVerificationTest.php" tests="3" assertions="6" errors="0" failures="0" skipped="0" time="0.100667">
        <testcase name="email verification screen can be rendered" file="tests/Feature/Auth/EmailVerificationTest.php::email verification screen can be rendered" class="Tests\Feature\Auth\EmailVerificationTest" classname="Tests.Feature.Auth.EmailVerificationTest" assertions="1" time="0.037203"/>
        <testcase name="email can be verified" file="tests/Feature/Auth/EmailVerificationTest.php::email can be verified" class="Tests\Feature\Auth\EmailVerificationTest" classname="Tests.Feature.Auth.EmailVerificationTest" assertions="4" time="0.031590"/>
        <testcase name="email is not verified with invalid hash" file="tests/Feature/Auth/EmailVerificationTest.php::email is not verified with invalid hash" class="Tests\Feature\Auth\EmailVerificationTest" classname="Tests.Feature.Auth.EmailVerificationTest" assertions="1" time="0.031874"/>
      </testsuite>
      <testsuite name="Tests\Feature\Auth\PasswordConfirmationTest" file="tests/Feature/Auth/PasswordConfirmationTest.php" tests="3" assertions="4" errors="0" failures="0" skipped="0" time="0.303134">
        <testcase name="confirm password screen can be rendered" file="tests/Feature/Auth/PasswordConfirmationTest.php::confirm password screen can be rendered" class="Tests\Feature\Auth\PasswordConfirmationTest" classname="Tests.Feature.Auth.PasswordConfirmationTest" assertions="1" time="0.041670"/>
        <testcase name="password can be confirmed" file="tests/Feature/Auth/PasswordConfirmationTest.php::password can be confirmed" class="Tests\Feature\Auth\PasswordConfirmationTest" classname="Tests.Feature.Auth.PasswordConfirmationTest" assertions="2" time="0.028624"/>
        <testcase name="password is not confirmed with invalid password" file="tests/Feature/Auth/PasswordConfirmationTest.php::password is not confirmed with invalid password" class="Tests\Feature\Auth\PasswordConfirmationTest" classname="Tests.Feature.Auth.PasswordConfirmationTest" assertions="1" time="0.232840"/>
      </testsuite>
      <testsuite name="Tests\Feature\Auth\PasswordResetTest" file="tests/Feature/Auth/PasswordResetTest.php" tests="4" assertions="8" errors="0" failures="0" skipped="0" time="0.172802">
        <testcase name="reset password link screen can be rendered" file="tests/Feature/Auth/PasswordResetTest.php::reset password link screen can be rendered" class="Tests\Feature\Auth\PasswordResetTest" classname="Tests.Feature.Auth.PasswordResetTest" assertions="1" time="0.040773"/>
        <testcase name="reset password link can be requested" file="tests/Feature/Auth/PasswordResetTest.php::reset password link can be requested" class="Tests\Feature\Auth\PasswordResetTest" classname="Tests.Feature.Auth.PasswordResetTest" assertions="1" time="0.034953"/>
        <testcase name="reset password screen can be rendered" file="tests/Feature/Auth/PasswordResetTest.php::reset password screen can be rendered" class="Tests\Feature\Auth\PasswordResetTest" classname="Tests.Feature.Auth.PasswordResetTest" assertions="2" time="0.056687"/>
        <testcase name="password can be reset with valid token" file="tests/Feature/Auth/PasswordResetTest.php::password can be reset with valid token" class="Tests\Feature\Auth\PasswordResetTest" classname="Tests.Feature.Auth.PasswordResetTest" assertions="4" time="0.040389"/>
      </testsuite>
      <testsuite name="Tests\Feature\Auth\PasswordUpdateTest" file="tests/Feature/Auth/PasswordUpdateTest.php" tests="2" assertions="8" errors="0" failures="0" skipped="0" time="0.068303">
        <testcase name="password can be updated" file="tests/Feature/Auth/PasswordUpdateTest.php::password can be updated" class="Tests\Feature\Auth\PasswordUpdateTest" classname="Tests.Feature.Auth.PasswordUpdateTest" assertions="4" time="0.038806"/>
        <testcase name="correct password must be provided to update password" file="tests/Feature/Auth/PasswordUpdateTest.php::correct password must be provided to update password" class="Tests\Feature\Auth\PasswordUpdateTest" classname="Tests.Feature.Auth.PasswordUpdateTest" assertions="4" time="0.029497"/>
      </testsuite>
      <testsuite name="Tests\Feature\Auth\RegistrationTest" file="tests/Feature/Auth/RegistrationTest.php" tests="2" assertions="4" errors="0" failures="0" skipped="0" time="0.087133">
        <testcase name="registration screen can be rendered" file="tests/Feature/Auth/RegistrationTest.php::registration screen can be rendered" class="Tests\Feature\Auth\RegistrationTest" classname="Tests.Feature.Auth.RegistrationTest" assertions="1" time="0.055397"/>
        <testcase name="new users can register" file="tests/Feature/Auth/RegistrationTest.php::new users can register" class="Tests\Feature\Auth\RegistrationTest" classname="Tests.Feature.Auth.RegistrationTest" assertions="3" time="0.031737"/>
      </testsuite>
      <testsuite name="Tests\Feature\Board\BoardCreateTest" file="tests/Feature/Board/BoardCreateTest.php" tests="14" assertions="83" errors="0" failures="0" skipped="0" time="0.426528">
        <testcase name="it can create a board" file="tests/Feature/Board/BoardCreateTest.php::it can create a board" class="Tests\Feature\Board\BoardCreateTest" classname="Tests.Feature.Board.BoardCreateTest" assertions="12" time="0.042303"/>
        <testcase name="it generates unique board codes" file="tests/Feature/Board/BoardCreateTest.php::it generates unique board codes" class="Tests\Feature\Board\BoardCreateTest" classname="Tests.Feature.Board.BoardCreateTest" assertions="7" time="0.042589"/>
        <testcase name="board code format and length" file="tests/Feature/Board/BoardCreateTest.php::board code format and length" class="Tests\Feature\Board\BoardCreateTest" classname="Tests.Feature.Board.BoardCreateTest" assertions="2" time="0.025065"/>
        <testcase name="the creator of board have role master and other have role player" file="tests/Feature/Board/BoardCreateTest.php::the creator of board have role master and other have role player" class="Tests\Feature\Board\BoardCreateTest" classname="Tests.Feature.Board.BoardCreateTest" assertions="4" time="0.035024"/>
        <testcase name="it cannot create a board if unauthenticated" file="tests/Feature/Board/BoardCreateTest.php::it cannot create a board if unauthenticated" class="Tests\Feature\Board\BoardCreateTest" classname="Tests.Feature.Board.BoardCreateTest" assertions="2" time="0.024058"/>
        <testcase name="it cannot create a board without name" file="tests/Feature/Board/BoardCreateTest.php::it cannot create a board without name" class="Tests\Feature\Board\BoardCreateTest" classname="Tests.Feature.Board.BoardCreateTest" assertions="5" time="0.027668"/>
        <testcase name="it cannot create a board with too short name" file="tests/Feature/Board/BoardCreateTest.php::it cannot create a board with too short name" class="Tests\Feature\Board\BoardCreateTest" classname="Tests.Feature.Board.BoardCreateTest" assertions="6" time="0.028292"/>
        <testsuite name="Tests\Feature\Board\BoardCreateTest::__pest_evaluable_it_cannot_create_board_with_duplicated_or_empty_name" tests="3" assertions="21" errors="0" failures="0" skipped="0" time="0.088502">
          <testcase name="it cannot create board with duplicated or empty name with data set &quot;('My Board')&quot;" file="tests/Feature/Board/BoardCreateTest.php::it cannot create board with duplicated or empty name with data set &quot;('My Board')&quot;" class="Tests\Feature\Board\BoardCreateTest" classname="Tests.Feature.Board.BoardCreateTest" assertions="7" time="0.029346"/>
          <testcase name="it cannot create board with duplicated or empty name with data set &quot;('12345')&quot;" file="tests/Feature/Board/BoardCreateTest.php::it cannot create board with duplicated or empty name with data set &quot;('12345')&quot;" class="Tests\Feature\Board\BoardCreateTest" classname="Tests.Feature.Board.BoardCreateTest" assertions="7" time="0.029868"/>
          <testcase name="it cannot create board with duplicated or empty name with data set &quot;('')&quot;" file="tests/Feature/Board/BoardCreateTest.php::it cannot create board with duplicated or empty name with data set &quot;('')&quot;" class="Tests\Feature\Board\BoardCreateTest" classname="Tests.Feature.Board.BoardCreateTest" assertions="7" time="0.029289"/>
        </testsuite>
        <testcase name="it cannot create a board without description" file="tests/Feature/Board/BoardCreateTest.php::it cannot create a board without description" class="Tests\Feature\Board\BoardCreateTest" classname="Tests.Feature.Board.BoardCreateTest" assertions="5" time="0.027439"/>
        <testcase name="it cannot create a board with too short description" file="tests/Feature/Board/BoardCreateTest.php::it cannot create a board with too short description" class="Tests\Feature\Board\BoardCreateTest" classname="Tests.Feature.Board.BoardCreateTest" assertions="7" time="0.029026"/>
        <testcase name="it cannot create a board with capacity less than 2" file="tests/Feature/Board/BoardCreateTest.php::it cannot create a board with capacity less than 2" class="Tests\Feature\Board\BoardCreateTest" classname="Tests.Feature.Board.BoardCreateTest" assertions="6" time="0.028414"/>
        <testcase name="it cannot create a board with too high capacity" file="tests/Feature/Board/BoardCreateTest.php::it cannot create a board with too high capacity" class="Tests\Feature\Board\BoardCreateTest" classname="Tests.Feature.Board.BoardCreateTest" assertions="6" time="0.028150"/>
      </testsuite>
      <testsuite name="Tests\Feature\Board\BoardDeleteTest" file="tests/Feature/Board/BoardDeleteTest.php" tests="3" assertions="20" errors="0" failures="0" skipped="0" time="0.116199">
        <testcase name="it can delete a board if have role master" file="tests/Feature/Board/BoardDeleteTest.php::it can delete a board if have role master" class="Tests\Feature\Board\BoardDeleteTest" classname="Tests.Feature.Board.BoardDeleteTest" assertions="8" time="0.055564"/>
        <testcase name="it cannot delete à board if have role player" file="tests/Feature/Board/BoardDeleteTest.php::it cannot delete à board if have role player" class="Tests\Feature\Board\BoardDeleteTest" classname="Tests.Feature.Board.BoardDeleteTest" assertions="10" time="0.033781"/>
        <testcase name="it cannot delete a board if unauthenticated" file="tests/Feature/Board/BoardDeleteTest.php::it cannot delete a board if unauthenticated" class="Tests\Feature\Board\BoardDeleteTest" classname="Tests.Feature.Board.BoardDeleteTest" assertions="2" time="0.026854"/>
      </testsuite>
      <testsuite name="Tests\Feature\Board\BoardUpdateTest" file="tests/Feature/Board/BoardUpdateTest.php" tests="10" assertions="8" errors="0" failures="0" skipped="7" time="0.245584">
        <testcase name="master can update a board" file="tests/Feature/Board/BoardUpdateTest.php::master can update a board" class="Tests\Feature\Board\BoardUpdateTest" classname="Tests.Feature.Board.BoardUpdateTest" assertions="3" time="0.036689"/>
        <testcase name="user cannot update a board" file="tests/Feature/Board/BoardUpdateTest.php::user cannot update a board" class="Tests\Feature\Board\BoardUpdateTest" classname="Tests.Feature.Board.BoardUpdateTest" assertions="3" time="0.032777"/>
        <testcase name="it cannot update a board with invalid data" file="tests/Feature/Board/BoardUpdateTest.php::it cannot update a board with invalid data" class="Tests\Feature\Board\BoardUpdateTest" classname="Tests.Feature.Board.BoardUpdateTest" assertions="2" time="0.030628"/>
        <testcase name="it cannot update a board with too short name" file="tests/Feature/Board/BoardUpdateTest.php::it cannot update a board with too short name" class="Tests\Feature\Board\BoardUpdateTest" classname="Tests.Feature.Board.BoardUpdateTest" assertions="0" time="0.021278">
          <skipped/>
        </testcase>
        <testcase name="it cannot update a board with duplicated name" file="tests/Feature/Board/BoardUpdateTest.php::it cannot update a board with duplicated name" class="Tests\Feature\Board\BoardUpdateTest" classname="Tests.Feature.Board.BoardUpdateTest" assertions="0" time="0.020675">
          <skipped/>
        </testcase>
        <testcase name="it cannot update a board with too short description" file="tests/Feature/Board/BoardUpdateTest.php::it cannot update a board with too short description" class="Tests\Feature\Board\BoardUpdateTest" classname="Tests.Feature.Board.BoardUpdateTest" assertions="0" time="0.021289">
          <skipped/>
        </testcase>
        <testcase name="it cannot update a board with too low capacity" file="tests/Feature/Board/BoardUpdateTest.php::it cannot update a board with too low capacity" class="Tests\Feature\Board\BoardUpdateTest" classname="Tests.Feature.Board.BoardUpdateTest" assertions="0" time="0.020781">
          <skipped/>
        </testcase>
        <testcase name="it cannot update a board with too long name" file="tests/Feature/Board/BoardUpdateTest.php::it cannot update a board with too long name" class="Tests\Feature\Board\BoardUpdateTest" classname="Tests.Feature.Board.BoardUpdateTest" assertions="0" time="0.020628">
          <skipped/>
        </testcase>
        <testcase name="it cannot update a board with too long description" file="tests/Feature/Board/BoardUpdateTest.php::it cannot update a board with too long description" class="Tests\Feature\Board\BoardUpdateTest" classname="Tests.Feature.Board.BoardUpdateTest" assertions="0" time="0.020366">
          <skipped/>
        </testcase>
        <testcase name="it cannot update a board with too high capacity" file="tests/Feature/Board/BoardUpdateTest.php::it cannot update a board with too high capacity" class="Tests\Feature\Board\BoardUpdateTest" classname="Tests.Feature.Board.BoardUpdateTest" assertions="0" time="0.020474">
          <skipped/>
        </testcase>
      </testsuite>
      <testsuite name="Tests\Feature\Chat\ChatTest" file="tests/Feature/Chat/ChatTest.php" tests="7" assertions="0" errors="0" failures="0" skipped="7" time="0.151830">
        <testcase name="it can send message" file="tests/Feature/Chat/ChatTest.php::it can send message" class="Tests\Feature\Chat\ChatTest" classname="Tests.Feature.Chat.ChatTest" assertions="0" time="0.031180">
          <skipped/>
        </testcase>
        <testcase name="it can receive message" file="tests/Feature/Chat/ChatTest.php::it can receive message" class="Tests\Feature\Chat\ChatTest" classname="Tests.Feature.Chat.ChatTest" assertions="0" time="0.019906">
          <skipped/>
        </testcase>
        <testcase name="it can see messages" file="tests/Feature/Chat/ChatTest.php::it can see messages" class="Tests\Feature\Chat\ChatTest" classname="Tests.Feature.Chat.ChatTest" assertions="0" time="0.020082">
          <skipped/>
        </testcase>
        <testcase name="it can delete message" file="tests/Feature/Chat/ChatTest.php::it can delete message" class="Tests\Feature\Chat\ChatTest" classname="Tests.Feature.Chat.ChatTest" assertions="0" time="0.019796">
          <skipped/>
        </testcase>
        <testcase name="it can send private message" file="tests/Feature/Chat/ChatTest.php::it can send private message" class="Tests\Feature\Chat\ChatTest" classname="Tests.Feature.Chat.ChatTest" assertions="0" time="0.020846">
          <skipped/>
        </testcase>
        <testcase name="it can read private message" file="tests/Feature/Chat/ChatTest.php::it can read private message" class="Tests\Feature\Chat\ChatTest" classname="Tests.Feature.Chat.ChatTest" assertions="0" time="0.019952">
          <skipped/>
        </testcase>
        <testcase name="it can delete private message" file="tests/Feature/Chat/ChatTest.php::it can delete private message" class="Tests\Feature\Chat\ChatTest" classname="Tests.Feature.Chat.ChatTest" assertions="0" time="0.020067">
          <skipped/>
        </testcase>
      </testsuite>
      <testsuite name="Tests\Feature\ExampleTest" file="Example (Tests\Feature\Example)" tests="1" assertions="1" errors="0" failures="0" skipped="0" time="0.033888">
        <testcase name="The application returns a successful response" file="Example (Tests\Feature\Example)::The application returns a successful response" class="Tests\Feature\ExampleTest" classname="Tests.Feature.ExampleTest" assertions="1" time="0.033888"/>
      </testsuite>
      <testsuite name="Tests\Feature\Log\LogsTest" file="tests/Feature/Log/LogsTest.php" tests="5" assertions="0" errors="0" failures="0" skipped="5" time="0.100434">
        <testcase name="it can create log" file="tests/Feature/Log/LogsTest.php::it can create log" class="Tests\Feature\Log\LogsTest" classname="Tests.Feature.Log.LogsTest" assertions="0" time="0.021236">
          <skipped/>
        </testcase>
        <testcase name="it can delete log" file="tests/Feature/Log/LogsTest.php::it can delete log" class="Tests\Feature\Log\LogsTest" classname="Tests.Feature.Log.LogsTest" assertions="0" time="0.019779">
          <skipped/>
        </testcase>
        <testcase name="it can show all logs" file="tests/Feature/Log/LogsTest.php::it can show all logs" class="Tests\Feature\Log\LogsTest" classname="Tests.Feature.Log.LogsTest" assertions="0" time="0.019770">
          <skipped/>
        </testcase>
        <testcase name="it can show a log" file="tests/Feature/Log/LogsTest.php::it can show a log" class="Tests\Feature\Log\LogsTest" classname="Tests.Feature.Log.LogsTest" assertions="0" time="0.019843">
          <skipped/>
        </testcase>
        <testcase name="it can show a specific log" file="tests/Feature/Log/LogsTest.php::it can show a specific log" class="Tests\Feature\Log\LogsTest" classname="Tests.Feature.Log.LogsTest" assertions="0" time="0.019806">
          <skipped/>
        </testcase>
      </testsuite>
      <testsuite name="Tests\Feature\PlayerBoard\PlayerBoardCreateTest" file="tests/Feature/PlayerBoard/PlayerBoardCreateTest.php" tests="5" assertions="42" errors="0" failures="0" skipped="0" time="0.164443">
        <testcase name="it can join a board with right code" file="tests/Feature/PlayerBoard/PlayerBoardCreateTest.php::it can join a board with right code" class="Tests\Feature\PlayerBoard\PlayerBoardCreateTest" classname="Tests.Feature.PlayerBoard.PlayerBoardCreateTest" assertions="9" time="0.042419"/>
        <testsuite name="Tests\Feature\PlayerBoard\PlayerBoardCreateTest::__pest_evaluable_it_cannot_join_boards_with_wrong_or_empty_invite_code" tests="3" assertions="21" errors="0" failures="0" skipped="0" time="0.084374">
          <testcase name="it cannot join boards with wrong or empty invite code with data set &quot;('12345')&quot;" file="tests/Feature/PlayerBoard/PlayerBoardCreateTest.php::it cannot join boards with wrong or empty invite code with data set &quot;('12345')&quot;" class="Tests\Feature\PlayerBoard\PlayerBoardCreateTest" classname="Tests.Feature.PlayerBoard.PlayerBoardCreateTest" assertions="7" time="0.027668"/>
          <testcase name="it cannot join boards with wrong or empty invite code with data set &quot;('bonjour')&quot;" file="tests/Feature/PlayerBoard/PlayerBoardCreateTest.php::it cannot join boards with wrong or empty invite code with data set &quot;('bonjour')&quot;" class="Tests\Feature\PlayerBoard\PlayerBoardCreateTest" classname="Tests.Feature.PlayerBoard.PlayerBoardCreateTest" assertions="7" time="0.027864"/>
          <testcase name="it cannot join boards with wrong or empty invite code with data set &quot;('')&quot;" file="tests/Feature/PlayerBoard/PlayerBoardCreateTest.php::it cannot join boards with wrong or empty invite code with data set &quot;('')&quot;" class="Tests\Feature\PlayerBoard\PlayerBoardCreateTest" classname="Tests.Feature.PlayerBoard.PlayerBoardCreateTest" assertions="7" time="0.028842"/>
        </testsuite>
        <testcase name="it cannot join a full board" file="tests/Feature/PlayerBoard/PlayerBoardCreateTest.php::it cannot join a full board" class="Tests\Feature\PlayerBoard\PlayerBoardCreateTest" classname="Tests.Feature.PlayerBoard.PlayerBoardCreateTest" assertions="12" time="0.037650"/>
      </testsuite>
      <testsuite name="Tests\Feature\PlayerBoard\PlayerBoardDeleteTest" file="tests/Feature/PlayerBoard/PlayerBoardDeleteTest.php" tests="6" assertions="43" errors="0" failures="0" skipped="0" time="0.200041">
        <testcase name="it can leave a board successfully" file="tests/Feature/PlayerBoard/PlayerBoardDeleteTest.php::it can leave a board successfully" class="Tests\Feature\PlayerBoard\PlayerBoardDeleteTest" classname="Tests.Feature.PlayerBoard.PlayerBoardDeleteTest" assertions="11" time="0.043785"/>
        <testcase name="it can leave a board successfully if other users remain" file="tests/Feature/PlayerBoard/PlayerBoardDeleteTest.php::it can leave a board successfully if other users remain" class="Tests\Feature\PlayerBoard\PlayerBoardDeleteTest" classname="Tests.Feature.PlayerBoard.PlayerBoardDeleteTest" assertions="9" time="0.034585"/>
        <testcase name="it returns 404 if board that user try to leave does not exist" file="tests/Feature/PlayerBoard/PlayerBoardDeleteTest.php::it returns 404 if board that user try to leave does not exist" class="Tests\Feature\PlayerBoard\PlayerBoardDeleteTest" classname="Tests.Feature.PlayerBoard.PlayerBoardDeleteTest" assertions="1" time="0.027419"/>
        <testcase name="it cannot leave a board if it will be empty" file="tests/Feature/PlayerBoard/PlayerBoardDeleteTest.php::it cannot leave a board if it will be empty" class="Tests\Feature\PlayerBoard\PlayerBoardDeleteTest" classname="Tests.Feature.PlayerBoard.PlayerBoardDeleteTest" assertions="8" time="0.030662"/>
        <testcase name="it cannot leave a board if user is not a member" file="tests/Feature/PlayerBoard/PlayerBoardDeleteTest.php::it cannot leave a board if user is not a member" class="Tests\Feature\PlayerBoard\PlayerBoardDeleteTest" classname="Tests.Feature.PlayerBoard.PlayerBoardDeleteTest" assertions="6" time="0.030230"/>
        <testcase name="it cannot leave a board if user have role master" file="tests/Feature/PlayerBoard/PlayerBoardDeleteTest.php::it cannot leave a board if user have role master" class="Tests\Feature\PlayerBoard\PlayerBoardDeleteTest" classname="Tests.Feature.PlayerBoard.PlayerBoardDeleteTest" assertions="8" time="0.033360"/>
      </testsuite>
      <testsuite name="Tests\Feature\PlayerBoard\PlayerBoardReadTest" file="tests/Feature/PlayerBoard/PlayerBoardReadTest.php" tests="5" assertions="143" errors="0" failures="0" skipped="0" time="0.213444">
        <testcase name="it sent a 404 error when accessing a board that do not exist" file="tests/Feature/PlayerBoard/PlayerBoardReadTest.php::it sent a 404 error when accessing a board that do not exist" class="Tests\Feature\PlayerBoard\PlayerBoardReadTest" classname="Tests.Feature.PlayerBoard.PlayerBoardReadTest" assertions="2" time="0.036771"/>
        <testcase name="it paginate boards" file="tests/Feature/PlayerBoard/PlayerBoardReadTest.php::it paginate boards" class="Tests\Feature\PlayerBoard\PlayerBoardReadTest" classname="Tests.Feature.PlayerBoard.PlayerBoardReadTest" assertions="5" time="0.051618"/>
        <testcase name="it displays all the user boards and does not send back other players boards" file="tests/Feature/PlayerBoard/PlayerBoardReadTest.php::it displays all the user boards and does not send back other players boards" class="Tests\Feature\PlayerBoard\PlayerBoardReadTest" classname="Tests.Feature.PlayerBoard.PlayerBoardReadTest" assertions="59" time="0.043184"/>
        <testcase name="it displays all users associated with a board" file="tests/Feature/PlayerBoard/PlayerBoardReadTest.php::it displays all users associated with a board" class="Tests\Feature\PlayerBoard\PlayerBoardReadTest" classname="Tests.Feature.PlayerBoard.PlayerBoardReadTest" assertions="39" time="0.041438"/>
        <testcase name="it displays a board with details" file="tests/Feature/PlayerBoard/PlayerBoardReadTest.php::it displays a board with details" class="Tests\Feature\PlayerBoard\PlayerBoardReadTest" classname="Tests.Feature.PlayerBoard.PlayerBoardReadTest" assertions="38" time="0.040432"/>
      </testsuite>
      <testsuite name="Tests\Feature\ProfileTest" file="tests/Feature/ProfileTest.php" tests="5" assertions="21" errors="0" failures="0" skipped="0" time="0.234373">
        <testcase name="profile page is displayed" file="tests/Feature/ProfileTest.php::profile page is displayed" class="Tests\Feature\ProfileTest" classname="Tests.Feature.ProfileTest" assertions="1" time="0.111682"/>
        <testcase name="profile information can be updated" file="tests/Feature/ProfileTest.php::profile information can be updated" class="Tests\Feature\ProfileTest" classname="Tests.Feature.ProfileTest" assertions="6" time="0.031837"/>
        <testcase name="email verification status is unchanged when the email address is unchanged" file="tests/Feature/ProfileTest.php::email verification status is unchanged when the email address is unchanged" class="Tests\Feature\ProfileTest" classname="Tests.Feature.ProfileTest" assertions="4" time="0.031178"/>
        <testcase name="user can delete their account" file="tests/Feature/ProfileTest.php::user can delete their account" class="Tests\Feature\ProfileTest" classname="Tests.Feature.ProfileTest" assertions="5" time="0.029839"/>
        <testcase name="correct password must be provided to delete account" file="tests/Feature/ProfileTest.php::correct password must be provided to delete account" class="Tests\Feature\ProfileTest" classname="Tests.Feature.ProfileTest" assertions="5" time="0.029837"/>
      </testsuite>
      <testsuite name="Tests\Feature\Route\RouteTest" file="tests/Feature/Route/RouteTest.php" tests="3" assertions="3" errors="0" failures="0" skipped="0" time="0.084409">
        <testcase name="it show homepage" file="tests/Feature/Route/RouteTest.php::it show homepage" class="Tests\Feature\Route\RouteTest" classname="Tests.Feature.Route.RouteTest" assertions="1" time="0.032235"/>
        <testcase name="it show login page" file="tests/Feature/Route/RouteTest.php::it show login page" class="Tests\Feature\Route\RouteTest" classname="Tests.Feature.Route.RouteTest" assertions="1" time="0.028640"/>
        <testcase name="it sent a 302 error when guests try to see boards" file="tests/Feature/Route/RouteTest.php::it sent a 302 error when guests try to see boards" class="Tests\Feature\Route\RouteTest" classname="Tests.Feature.Route.RouteTest" assertions="1" time="0.023534"/>
      </testsuite>
      <testsuite name="Tests\Feature\Template\TemplateTest" file="tests/Feature/Template/TemplateTest.php" tests="3" assertions="0" errors="0" failures="0" skipped="3" time="0.066927">
        <testcase name="it can create template" file="tests/Feature/Template/TemplateTest.php::it can create template" class="Tests\Feature\Template\TemplateTest" classname="Tests.Feature.Template.TemplateTest" assertions="0" time="0.025079">
          <skipped/>
        </testcase>
        <testcase name="it can edit template" file="tests/Feature/Template/TemplateTest.php::it can edit template" class="Tests\Feature\Template\TemplateTest" classname="Tests.Feature.Template.TemplateTest" assertions="0" time="0.020797">
          <skipped/>
        </testcase>
        <testcase name="it can delete template" file="tests/Feature/Template/TemplateTest.php::it can delete template" class="Tests\Feature\Template\TemplateTest" classname="Tests.Feature.Template.TemplateTest" assertions="0" time="0.021051">
          <skipped/>
        </testcase>
      </testsuite>
    </testsuite>
  </testsuite>
</testsuites>
