<?xml version="1.0" encoding="UTF-8"?>
<testsuites>
  <testsuite name="/home/runner/work/jdr-app/jdr-app/phpunit.xml" tests="66" assertions="343" errors="0" failures="0" skipped="10" time="2.667324">
    <testsuite name="Unit" tests="1" assertions="1" errors="0" failures="0" skipped="0" time="0.005589">
      <testsuite name="Tests\Unit\ExampleTest" file="tests/Unit/ExampleTest.php" tests="1" assertions="1" errors="0" failures="0" skipped="0" time="0.005589">
        <testcase name="that true is true" file="tests/Unit/ExampleTest.php::that true is true" class="Tests\Unit\ExampleTest" classname="Tests.Unit.ExampleTest" assertions="1" time="0.005589"/>
      </testsuite>
    </testsuite>
    <testsuite name="Feature" tests="65" assertions="342" errors="0" failures="0" skipped="10" time="2.661734">
      <testsuite name="Tests\Feature\Auth\AuthenticationTest" file="tests/Feature/Auth/AuthenticationTest.php" tests="4" assertions="8" errors="0" failures="0" skipped="0" time="0.543392">
        <testcase name="login screen can be rendered" file="tests/Feature/Auth/AuthenticationTest.php::login screen can be rendered" class="Tests\Feature\Auth\AuthenticationTest" classname="Tests.Feature.Auth.AuthenticationTest" assertions="1" time="0.239156"/>
        <testcase name="users can authenticate using the login screen" file="tests/Feature/Auth/AuthenticationTest.php::users can authenticate using the login screen" class="Tests\Feature\Auth\AuthenticationTest" classname="Tests.Feature.Auth.AuthenticationTest" assertions="3" time="0.047038"/>
        <testcase name="users can not authenticate with invalid password" file="tests/Feature/Auth/AuthenticationTest.php::users can not authenticate with invalid password" class="Tests\Feature\Auth\AuthenticationTest" classname="Tests.Feature.Auth.AuthenticationTest" assertions="1" time="0.229883"/>
        <testcase name="users can logout" file="tests/Feature/Auth/AuthenticationTest.php::users can logout" class="Tests\Feature\Auth\AuthenticationTest" classname="Tests.Feature.Auth.AuthenticationTest" assertions="3" time="0.027315"/>
      </testsuite>
      <testsuite name="Tests\Feature\Auth\EmailVerificationTest" file="tests/Feature/Auth/EmailVerificationTest.php" tests="3" assertions="6" errors="0" failures="0" skipped="0" time="0.097969">
        <testcase name="email verification screen can be rendered" file="tests/Feature/Auth/EmailVerificationTest.php::email verification screen can be rendered" class="Tests\Feature\Auth\EmailVerificationTest" classname="Tests.Feature.Auth.EmailVerificationTest" assertions="1" time="0.036399"/>
        <testcase name="email can be verified" file="tests/Feature/Auth/EmailVerificationTest.php::email can be verified" class="Tests\Feature\Auth\EmailVerificationTest" classname="Tests.Feature.Auth.EmailVerificationTest" assertions="4" time="0.031358"/>
        <testcase name="email is not verified with invalid hash" file="tests/Feature/Auth/EmailVerificationTest.php::email is not verified with invalid hash" class="Tests\Feature\Auth\EmailVerificationTest" classname="Tests.Feature.Auth.EmailVerificationTest" assertions="1" time="0.030212"/>
      </testsuite>
      <testsuite name="Tests\Feature\Auth\PasswordConfirmationTest" file="tests/Feature/Auth/PasswordConfirmationTest.php" tests="3" assertions="4" errors="0" failures="0" skipped="0" time="0.295849">
        <testcase name="confirm password screen can be rendered" file="tests/Feature/Auth/PasswordConfirmationTest.php::confirm password screen can be rendered" class="Tests\Feature\Auth\PasswordConfirmationTest" classname="Tests.Feature.Auth.PasswordConfirmationTest" assertions="1" time="0.041433"/>
        <testcase name="password can be confirmed" file="tests/Feature/Auth/PasswordConfirmationTest.php::password can be confirmed" class="Tests\Feature\Auth\PasswordConfirmationTest" classname="Tests.Feature.Auth.PasswordConfirmationTest" assertions="2" time="0.026854"/>
        <testcase name="password is not confirmed with invalid password" file="tests/Feature/Auth/PasswordConfirmationTest.php::password is not confirmed with invalid password" class="Tests\Feature\Auth\PasswordConfirmationTest" classname="Tests.Feature.Auth.PasswordConfirmationTest" assertions="1" time="0.227561"/>
      </testsuite>
      <testsuite name="Tests\Feature\Auth\PasswordResetTest" file="tests/Feature/Auth/PasswordResetTest.php" tests="4" assertions="8" errors="0" failures="0" skipped="0" time="0.164871">
        <testcase name="reset password link screen can be rendered" file="tests/Feature/Auth/PasswordResetTest.php::reset password link screen can be rendered" class="Tests\Feature\Auth\PasswordResetTest" classname="Tests.Feature.Auth.PasswordResetTest" assertions="1" time="0.040111"/>
        <testcase name="reset password link can be requested" file="tests/Feature/Auth/PasswordResetTest.php::reset password link can be requested" class="Tests\Feature\Auth\PasswordResetTest" classname="Tests.Feature.Auth.PasswordResetTest" assertions="1" time="0.033766"/>
        <testcase name="reset password screen can be rendered" file="tests/Feature/Auth/PasswordResetTest.php::reset password screen can be rendered" class="Tests\Feature\Auth\PasswordResetTest" classname="Tests.Feature.Auth.PasswordResetTest" assertions="2" time="0.051637"/>
        <testcase name="password can be reset with valid token" file="tests/Feature/Auth/PasswordResetTest.php::password can be reset with valid token" class="Tests\Feature\Auth\PasswordResetTest" classname="Tests.Feature.Auth.PasswordResetTest" assertions="4" time="0.039357"/>
      </testsuite>
      <testsuite name="Tests\Feature\Auth\PasswordUpdateTest" file="tests/Feature/Auth/PasswordUpdateTest.php" tests="2" assertions="8" errors="0" failures="0" skipped="0" time="0.064089">
        <testcase name="password can be updated" file="tests/Feature/Auth/PasswordUpdateTest.php::password can be updated" class="Tests\Feature\Auth\PasswordUpdateTest" classname="Tests.Feature.Auth.PasswordUpdateTest" assertions="4" time="0.036473"/>
        <testcase name="correct password must be provided to update password" file="tests/Feature/Auth/PasswordUpdateTest.php::correct password must be provided to update password" class="Tests\Feature\Auth\PasswordUpdateTest" classname="Tests.Feature.Auth.PasswordUpdateTest" assertions="4" time="0.027616"/>
      </testsuite>
      <testsuite name="Tests\Feature\Auth\RegistrationTest" file="tests/Feature/Auth/RegistrationTest.php" tests="2" assertions="4" errors="0" failures="0" skipped="0" time="0.084308">
        <testcase name="registration screen can be rendered" file="tests/Feature/Auth/RegistrationTest.php::registration screen can be rendered" class="Tests\Feature\Auth\RegistrationTest" classname="Tests.Feature.Auth.RegistrationTest" assertions="1" time="0.054066"/>
        <testcase name="new users can register" file="tests/Feature/Auth/RegistrationTest.php::new users can register" class="Tests\Feature\Auth\RegistrationTest" classname="Tests.Feature.Auth.RegistrationTest" assertions="3" time="0.030243"/>
      </testsuite>
      <testsuite name="Tests\Feature\BoardTest" file="tests/Feature/BoardTest.php" tests="13" assertions="62" errors="0" failures="0" skipped="0" time="0.374485">
        <testcase name="user can create a board" file="tests/Feature/BoardTest.php::user can create a board" class="Tests\Feature\BoardTest" classname="Tests.Feature.BoardTest" assertions="12" time="0.039711"/>
        <testcase name="board code is unique" file="tests/Feature/BoardTest.php::board code is unique" class="Tests\Feature\BoardTest" classname="Tests.Feature.BoardTest" assertions="1" time="0.023697"/>
        <testcase name="the creator of board have role master and other have role player" file="tests/Feature/BoardTest.php::the creator of board have role master and other have role player" class="Tests\Feature\BoardTest" classname="Tests.Feature.BoardTest" assertions="4" time="0.031399"/>
        <testcase name="unauthenticated user cannot create a board" file="tests/Feature/BoardTest.php::unauthenticated user cannot create a board" class="Tests\Feature\BoardTest" classname="Tests.Feature.BoardTest" assertions="2" time="0.023142"/>
        <testcase name="it cannot create a board without name" file="tests/Feature/BoardTest.php::it cannot create a board without name" class="Tests\Feature\BoardTest" classname="Tests.Feature.BoardTest" assertions="5" time="0.026028"/>
        <testcase name="it cannot create a board without description" file="tests/Feature/BoardTest.php::it cannot create a board without description" class="Tests\Feature\BoardTest" classname="Tests.Feature.BoardTest" assertions="5" time="0.025621"/>
        <testcase name="it cannot create a board with capacity less than 2" file="tests/Feature/BoardTest.php::it cannot create a board with capacity less than 2" class="Tests\Feature\BoardTest" classname="Tests.Feature.BoardTest" assertions="5" time="0.025924"/>
        <testcase name="it can delete a board if have role master" file="tests/Feature/BoardTest.php::it can delete a board if have role master" class="Tests\Feature\BoardTest" classname="Tests.Feature.BoardTest" assertions="8" time="0.030066"/>
        <testcase name="unauthenticated user cannot delete a board" file="tests/Feature/BoardTest.php::unauthenticated user cannot delete a board" class="Tests\Feature\BoardTest" classname="Tests.Feature.BoardTest" assertions="2" time="0.029513"/>
        <testcase name="user with role player cannot delete à board" file="tests/Feature/BoardTest.php::user with role player cannot delete à board" class="Tests\Feature\BoardTest" classname="Tests.Feature.BoardTest" assertions="10" time="0.031840"/>
        <testcase name="master can update a board" file="tests/Feature/BoardTest.php::master can update a board" class="Tests\Feature\BoardTest" classname="Tests.Feature.BoardTest" assertions="3" time="0.029307"/>
        <testcase name="user cannot update a board" file="tests/Feature/BoardTest.php::user cannot update a board" class="Tests\Feature\BoardTest" classname="Tests.Feature.BoardTest" assertions="3" time="0.029485"/>
        <testcase name="it cannot update a board with invalid data" file="tests/Feature/BoardTest.php::it cannot update a board with invalid data" class="Tests\Feature\BoardTest" classname="Tests.Feature.BoardTest" assertions="2" time="0.028753"/>
      </testsuite>
      <testsuite name="Tests\Feature\ChatTest" file="tests/Feature/ChatTest.php" tests="2" assertions="0" errors="0" failures="0" skipped="2" time="0.054398">
        <testcase name="it can add message" file="tests/Feature/ChatTest.php::it can add message" class="Tests\Feature\ChatTest" classname="Tests.Feature.ChatTest" assertions="0" time="0.034776">
          <skipped/>
        </testcase>
        <testcase name="it can see messages" file="tests/Feature/ChatTest.php::it can see messages" class="Tests\Feature\ChatTest" classname="Tests.Feature.ChatTest" assertions="0" time="0.019622">
          <skipped/>
        </testcase>
      </testsuite>
      <testsuite name="Tests\Feature\ExampleTest" file="Example (Tests\Feature\Example)" tests="1" assertions="1" errors="0" failures="0" skipped="0" time="0.027894">
        <testcase name="The application returns a successful response" file="Example (Tests\Feature\Example)::The application returns a successful response" class="Tests\Feature\ExampleTest" classname="Tests.Feature.ExampleTest" assertions="1" time="0.027894"/>
      </testsuite>
      <testsuite name="Tests\Feature\LogsTest" file="tests/Feature/LogsTest.php" tests="5" assertions="0" errors="0" failures="0" skipped="5" time="0.099052">
        <testcase name="it can create log" file="tests/Feature/LogsTest.php::it can create log" class="Tests\Feature\LogsTest" classname="Tests.Feature.LogsTest" assertions="0" time="0.020885">
          <skipped/>
        </testcase>
        <testcase name="it can delete log" file="tests/Feature/LogsTest.php::it can delete log" class="Tests\Feature\LogsTest" classname="Tests.Feature.LogsTest" assertions="0" time="0.019214">
          <skipped/>
        </testcase>
        <testcase name="it can show all logs" file="tests/Feature/LogsTest.php::it can show all logs" class="Tests\Feature\LogsTest" classname="Tests.Feature.LogsTest" assertions="0" time="0.019782">
          <skipped/>
        </testcase>
        <testcase name="it can show a log" file="tests/Feature/LogsTest.php::it can show a log" class="Tests\Feature\LogsTest" classname="Tests.Feature.LogsTest" assertions="0" time="0.019631">
          <skipped/>
        </testcase>
        <testcase name="it can show a specific log" file="tests/Feature/LogsTest.php::it can show a specific log" class="Tests\Feature\LogsTest" classname="Tests.Feature.LogsTest" assertions="0" time="0.019540">
          <skipped/>
        </testcase>
      </testsuite>
      <testsuite name="Tests\Feature\PlayerBoardTest" file="tests/Feature/PlayerBoardTest.php" tests="15" assertions="217" errors="0" failures="0" skipped="0" time="0.477808">
        <testcase name="it sent a 404 error when accessing a board that do not exist" file="tests/Feature/PlayerBoardTest.php::it sent a 404 error when accessing a board that do not exist" class="Tests\Feature\PlayerBoardTest" classname="Tests.Feature.PlayerBoardTest" assertions="2" time="0.034436"/>
        <testcase name="it can join a board with right code" file="tests/Feature/PlayerBoardTest.php::it can join a board with right code" class="Tests\Feature\PlayerBoardTest" classname="Tests.Feature.PlayerBoardTest" assertions="9" time="0.031322"/>
        <testsuite name="Tests\Feature\PlayerBoardTest::__pest_evaluable_it_cannot_join_boards_with_wrong_or_empty_invite_code" tests="3" assertions="21" errors="0" failures="0" skipped="0" time="0.080473">
          <testcase name="it cannot join boards with wrong or empty invite code with data set &quot;('12345')&quot;" file="tests/Feature/PlayerBoardTest.php::it cannot join boards with wrong or empty invite code with data set &quot;('12345')&quot;" class="Tests\Feature\PlayerBoardTest" classname="Tests.Feature.PlayerBoardTest" assertions="7" time="0.026709"/>
          <testcase name="it cannot join boards with wrong or empty invite code with data set &quot;('bonjour')&quot;" file="tests/Feature/PlayerBoardTest.php::it cannot join boards with wrong or empty invite code with data set &quot;('bonjour')&quot;" class="Tests\Feature\PlayerBoardTest" classname="Tests.Feature.PlayerBoardTest" assertions="7" time="0.026748"/>
          <testcase name="it cannot join boards with wrong or empty invite code with data set &quot;('')&quot;" file="tests/Feature/PlayerBoardTest.php::it cannot join boards with wrong or empty invite code with data set &quot;('')&quot;" class="Tests\Feature\PlayerBoardTest" classname="Tests.Feature.PlayerBoardTest" assertions="7" time="0.027016"/>
        </testsuite>
        <testcase name="it cannot join a full board" file="tests/Feature/PlayerBoardTest.php::it cannot join a full board" class="Tests\Feature\PlayerBoardTest" classname="Tests.Feature.PlayerBoardTest" assertions="12" time="0.035546"/>
        <testcase name="it displays all the user boards and does not send back other players boards" file="tests/Feature/PlayerBoardTest.php::it displays all the user boards and does not send back other players boards" class="Tests\Feature\PlayerBoardTest" classname="Tests.Feature.PlayerBoardTest" assertions="53" time="0.037882"/>
        <testcase name="it displays all users associated with a board" file="tests/Feature/PlayerBoardTest.php::it displays all users associated with a board" class="Tests\Feature\PlayerBoardTest" classname="Tests.Feature.PlayerBoardTest" assertions="39" time="0.042566"/>
        <testcase name="it displays a board with details" file="tests/Feature/PlayerBoardTest.php::it displays a board with details" class="Tests\Feature\PlayerBoardTest" classname="Tests.Feature.PlayerBoardTest" assertions="38" time="0.037598"/>
        <testcase name="it can leave a board successfully" file="tests/Feature/PlayerBoardTest.php::it can leave a board successfully" class="Tests\Feature\PlayerBoardTest" classname="Tests.Feature.PlayerBoardTest" assertions="11" time="0.034392"/>
        <testcase name="it can leave a board successfully if other users remain" file="tests/Feature/PlayerBoardTest.php::it can leave a board successfully if other users remain" class="Tests\Feature\PlayerBoardTest" classname="Tests.Feature.PlayerBoardTest" assertions="9" time="0.031354"/>
        <testcase name="it cannot leave a board if it will be empty" file="tests/Feature/PlayerBoardTest.php::it cannot leave a board if it will be empty" class="Tests\Feature\PlayerBoardTest" classname="Tests.Feature.PlayerBoardTest" assertions="8" time="0.029156"/>
        <testcase name="it returns 404 if board that user try to leave does not exist" file="tests/Feature/PlayerBoardTest.php::it returns 404 if board that user try to leave does not exist" class="Tests\Feature\PlayerBoardTest" classname="Tests.Feature.PlayerBoardTest" assertions="1" time="0.025052"/>
        <testcase name="it cannot leave a board if user is not a member" file="tests/Feature/PlayerBoardTest.php::it cannot leave a board if user is not a member" class="Tests\Feature\PlayerBoardTest" classname="Tests.Feature.PlayerBoardTest" assertions="6" time="0.027988"/>
        <testcase name="it cannot leave a board if user have role master" file="tests/Feature/PlayerBoardTest.php::it cannot leave a board if user have role master" class="Tests\Feature\PlayerBoardTest" classname="Tests.Feature.PlayerBoardTest" assertions="8" time="0.030042"/>
      </testsuite>
      <testsuite name="Tests\Feature\ProfileTest" file="tests/Feature/ProfileTest.php" tests="5" assertions="21" errors="0" failures="0" skipped="0" time="0.230846">
        <testcase name="profile page is displayed" file="tests/Feature/ProfileTest.php::profile page is displayed" class="Tests\Feature\ProfileTest" classname="Tests.Feature.ProfileTest" assertions="1" time="0.113764"/>
        <testcase name="profile information can be updated" file="tests/Feature/ProfileTest.php::profile information can be updated" class="Tests\Feature\ProfileTest" classname="Tests.Feature.ProfileTest" assertions="6" time="0.029863"/>
        <testcase name="email verification status is unchanged when the email address is unchanged" file="tests/Feature/ProfileTest.php::email verification status is unchanged when the email address is unchanged" class="Tests\Feature\ProfileTest" classname="Tests.Feature.ProfileTest" assertions="4" time="0.029856"/>
        <testcase name="user can delete their account" file="tests/Feature/ProfileTest.php::user can delete their account" class="Tests\Feature\ProfileTest" classname="Tests.Feature.ProfileTest" assertions="5" time="0.028557"/>
        <testcase name="correct password must be provided to delete account" file="tests/Feature/ProfileTest.php::correct password must be provided to delete account" class="Tests\Feature\ProfileTest" classname="Tests.Feature.ProfileTest" assertions="5" time="0.028806"/>
      </testsuite>
      <testsuite name="Tests\Feature\RouteTest" file="tests/Feature/RouteTest.php" tests="3" assertions="3" errors="0" failures="0" skipped="0" time="0.085384">
        <testcase name="it show homepage" file="tests/Feature/RouteTest.php::it show homepage" class="Tests\Feature\RouteTest" classname="Tests.Feature.RouteTest" assertions="1" time="0.029524"/>
        <testcase name="it show login page" file="tests/Feature/RouteTest.php::it show login page" class="Tests\Feature\RouteTest" classname="Tests.Feature.RouteTest" assertions="1" time="0.026779"/>
        <testcase name="it sent a 302 error when guests try to see boards" file="tests/Feature/RouteTest.php::it sent a 302 error when guests try to see boards" class="Tests\Feature\RouteTest" classname="Tests.Feature.RouteTest" assertions="1" time="0.029081"/>
      </testsuite>
      <testsuite name="Tests\Feature\TemplateTest" file="tests/Feature/TemplateTest.php" tests="3" assertions="0" errors="0" failures="0" skipped="3" time="0.061389">
        <testcase name="it can create template" file="tests/Feature/TemplateTest.php::it can create template" class="Tests\Feature\TemplateTest" classname="Tests.Feature.TemplateTest" assertions="0" time="0.022831">
          <skipped/>
        </testcase>
        <testcase name="it can edit template" file="tests/Feature/TemplateTest.php::it can edit template" class="Tests\Feature\TemplateTest" classname="Tests.Feature.TemplateTest" assertions="0" time="0.019249">
          <skipped/>
        </testcase>
        <testcase name="it can delete template" file="tests/Feature/TemplateTest.php::it can delete template" class="Tests\Feature\TemplateTest" classname="Tests.Feature.TemplateTest" assertions="0" time="0.019308">
          <skipped/>
        </testcase>
      </testsuite>
    </testsuite>
  </testsuite>
</testsuites>
