<?xml version="1.0" encoding="UTF-8"?>
<testsuites>
  <testsuite name="/home/runner/work/jdr-app/jdr-app/phpunit.xml" tests="95" assertions="437" errors="0" failures="0" skipped="24" time="3.739260">
    <testsuite name="Unit" tests="1" assertions="1" errors="0" failures="0" skipped="0" time="0.005179">
      <testsuite name="Tests\Unit\ExampleTest" file="tests/Unit/ExampleTest.php" tests="1" assertions="1" errors="0" failures="0" skipped="0" time="0.005179">
        <testcase name="that true is true" file="tests/Unit/ExampleTest.php::that true is true" class="Tests\Unit\ExampleTest" classname="Tests.Unit.ExampleTest" assertions="1" time="0.005179"/>
      </testsuite>
    </testsuite>
    <testsuite name="Feature" tests="94" assertions="436" errors="0" failures="0" skipped="24" time="3.734082">
      <testsuite name="Tests\Feature\Auth\AuthenticationTest" file="tests/Feature/Auth/AuthenticationTest.php" tests="4" assertions="8" errors="0" failures="0" skipped="0" time="0.559636">
        <testcase name="login screen can be rendered" file="tests/Feature/Auth/AuthenticationTest.php::login screen can be rendered" class="Tests\Feature\Auth\AuthenticationTest" classname="Tests.Feature.Auth.AuthenticationTest" assertions="1" time="0.254443"/>
        <testcase name="users can authenticate using the login screen" file="tests/Feature/Auth/AuthenticationTest.php::users can authenticate using the login screen" class="Tests\Feature\Auth\AuthenticationTest" classname="Tests.Feature.Auth.AuthenticationTest" assertions="3" time="0.047612"/>
        <testcase name="users can not authenticate with invalid password" file="tests/Feature/Auth/AuthenticationTest.php::users can not authenticate with invalid password" class="Tests\Feature\Auth\AuthenticationTest" classname="Tests.Feature.Auth.AuthenticationTest" assertions="1" time="0.229748"/>
        <testcase name="users can logout" file="tests/Feature/Auth/AuthenticationTest.php::users can logout" class="Tests\Feature\Auth\AuthenticationTest" classname="Tests.Feature.Auth.AuthenticationTest" assertions="3" time="0.027833"/>
      </testsuite>
      <testsuite name="Tests\Feature\Auth\EmailVerificationTest" file="tests/Feature/Auth/EmailVerificationTest.php" tests="3" assertions="6" errors="0" failures="0" skipped="0" time="0.097378">
        <testcase name="email verification screen can be rendered" file="tests/Feature/Auth/EmailVerificationTest.php::email verification screen can be rendered" class="Tests\Feature\Auth\EmailVerificationTest" classname="Tests.Feature.Auth.EmailVerificationTest" assertions="1" time="0.035957"/>
        <testcase name="email can be verified" file="tests/Feature/Auth/EmailVerificationTest.php::email can be verified" class="Tests\Feature\Auth\EmailVerificationTest" classname="Tests.Feature.Auth.EmailVerificationTest" assertions="4" time="0.030862"/>
        <testcase name="email is not verified with invalid hash" file="tests/Feature/Auth/EmailVerificationTest.php::email is not verified with invalid hash" class="Tests\Feature\Auth\EmailVerificationTest" classname="Tests.Feature.Auth.EmailVerificationTest" assertions="1" time="0.030559"/>
      </testsuite>
      <testsuite name="Tests\Feature\Auth\PasswordConfirmationTest" file="tests/Feature/Auth/PasswordConfirmationTest.php" tests="3" assertions="4" errors="0" failures="0" skipped="0" time="0.295012">
        <testcase name="confirm password screen can be rendered" file="tests/Feature/Auth/PasswordConfirmationTest.php::confirm password screen can be rendered" class="Tests\Feature\Auth\PasswordConfirmationTest" classname="Tests.Feature.Auth.PasswordConfirmationTest" assertions="1" time="0.039797"/>
        <testcase name="password can be confirmed" file="tests/Feature/Auth/PasswordConfirmationTest.php::password can be confirmed" class="Tests\Feature\Auth\PasswordConfirmationTest" classname="Tests.Feature.Auth.PasswordConfirmationTest" assertions="2" time="0.027325"/>
        <testcase name="password is not confirmed with invalid password" file="tests/Feature/Auth/PasswordConfirmationTest.php::password is not confirmed with invalid password" class="Tests\Feature\Auth\PasswordConfirmationTest" classname="Tests.Feature.Auth.PasswordConfirmationTest" assertions="1" time="0.227890"/>
      </testsuite>
      <testsuite name="Tests\Feature\Auth\PasswordResetTest" file="tests/Feature/Auth/PasswordResetTest.php" tests="4" assertions="8" errors="0" failures="0" skipped="0" time="0.167884">
        <testcase name="reset password link screen can be rendered" file="tests/Feature/Auth/PasswordResetTest.php::reset password link screen can be rendered" class="Tests\Feature\Auth\PasswordResetTest" classname="Tests.Feature.Auth.PasswordResetTest" assertions="1" time="0.040246"/>
        <testcase name="reset password link can be requested" file="tests/Feature/Auth/PasswordResetTest.php::reset password link can be requested" class="Tests\Feature\Auth\PasswordResetTest" classname="Tests.Feature.Auth.PasswordResetTest" assertions="1" time="0.033636"/>
        <testcase name="reset password screen can be rendered" file="tests/Feature/Auth/PasswordResetTest.php::reset password screen can be rendered" class="Tests\Feature\Auth\PasswordResetTest" classname="Tests.Feature.Auth.PasswordResetTest" assertions="2" time="0.054799"/>
        <testcase name="password can be reset with valid token" file="tests/Feature/Auth/PasswordResetTest.php::password can be reset with valid token" class="Tests\Feature\Auth\PasswordResetTest" classname="Tests.Feature.Auth.PasswordResetTest" assertions="4" time="0.039202"/>
      </testsuite>
      <testsuite name="Tests\Feature\Auth\PasswordUpdateTest" file="tests/Feature/Auth/PasswordUpdateTest.php" tests="2" assertions="8" errors="0" failures="0" skipped="0" time="0.064808">
        <testcase name="password can be updated" file="tests/Feature/Auth/PasswordUpdateTest.php::password can be updated" class="Tests\Feature\Auth\PasswordUpdateTest" classname="Tests.Feature.Auth.PasswordUpdateTest" assertions="4" time="0.036616"/>
        <testcase name="correct password must be provided to update password" file="tests/Feature/Auth/PasswordUpdateTest.php::correct password must be provided to update password" class="Tests\Feature\Auth\PasswordUpdateTest" classname="Tests.Feature.Auth.PasswordUpdateTest" assertions="4" time="0.028192"/>
      </testsuite>
      <testsuite name="Tests\Feature\Auth\RegistrationTest" file="tests/Feature/Auth/RegistrationTest.php" tests="2" assertions="4" errors="0" failures="0" skipped="0" time="0.081402">
        <testcase name="registration screen can be rendered" file="tests/Feature/Auth/RegistrationTest.php::registration screen can be rendered" class="Tests\Feature\Auth\RegistrationTest" classname="Tests.Feature.Auth.RegistrationTest" assertions="1" time="0.052908"/>
        <testcase name="new users can register" file="tests/Feature/Auth/RegistrationTest.php::new users can register" class="Tests\Feature\Auth\RegistrationTest" classname="Tests.Feature.Auth.RegistrationTest" assertions="3" time="0.028493"/>
      </testsuite>
      <testsuite name="Tests\Feature\Board\BoardCreateTest" file="tests/Feature/Board/BoardCreateTest.php" tests="15" assertions="94" errors="0" failures="0" skipped="0" time="0.511984">
        <testcase name="user can create a board" file="tests/Feature/Board/BoardCreateTest.php::user can create a board" class="Tests\Feature\Board\BoardCreateTest" classname="Tests.Feature.Board.BoardCreateTest" assertions="13" time="0.048419"/>
        <testcase name="it generates unique board codes" file="tests/Feature/Board/BoardCreateTest.php::it generates unique board codes" class="Tests\Feature\Board\BoardCreateTest" classname="Tests.Feature.Board.BoardCreateTest" assertions="7" time="0.044163"/>
        <testcase name="board code format and length" file="tests/Feature/Board/BoardCreateTest.php::board code format and length" class="Tests\Feature\Board\BoardCreateTest" classname="Tests.Feature.Board.BoardCreateTest" assertions="2" time="0.026934"/>
        <testcase name="the creator of board have role master and other have role player" file="tests/Feature/Board/BoardCreateTest.php::the creator of board have role master and other have role player" class="Tests\Feature\Board\BoardCreateTest" classname="Tests.Feature.Board.BoardCreateTest" assertions="4" time="0.040453"/>
        <testcase name="it cannot create a board if unauthenticated" file="tests/Feature/Board/BoardCreateTest.php::it cannot create a board if unauthenticated" class="Tests\Feature\Board\BoardCreateTest" classname="Tests.Feature.Board.BoardCreateTest" assertions="2" time="0.023143"/>
        <testcase name="it cannot create a board without name" file="tests/Feature/Board/BoardCreateTest.php::it cannot create a board without name" class="Tests\Feature\Board\BoardCreateTest" classname="Tests.Feature.Board.BoardCreateTest" assertions="5" time="0.030795"/>
        <testsuite name="Tests\Feature\Board\BoardCreateTest::__pest_evaluable_it_cannot_create_board_with_duplicated__too_long__too_short_or_empty_name" tests="4" assertions="28" errors="0" failures="0" skipped="0" time="0.129902">
          <testcase name="it cannot create board with duplicated, too long, too short or empty name with data set &quot;('My Duplicated Board')&quot;" file="tests/Feature/Board/BoardCreateTest.php::it cannot create board with duplicated, too long, too short or empty name with data set &quot;('My Duplicated Board')&quot;" class="Tests\Feature\Board\BoardCreateTest" classname="Tests.Feature.Board.BoardCreateTest" assertions="7" time="0.033516"/>
          <testcase name="it cannot create board with duplicated, too long, too short or empty name with data set &quot;('12345')&quot;" file="tests/Feature/Board/BoardCreateTest.php::it cannot create board with duplicated, too long, too short or empty name with data set &quot;('12345')&quot;" class="Tests\Feature\Board\BoardCreateTest" classname="Tests.Feature.Board.BoardCreateTest" assertions="7" time="0.032195"/>
          <testcase name="it cannot create board with duplicated, too long, too short or empty name with data set &quot;('My too long board name with o…aximum')&quot;" file="tests/Feature/Board/BoardCreateTest.php::it cannot create board with duplicated, too long, too short or empty name with data set &quot;('My too long board name with o…aximum')&quot;" class="Tests\Feature\Board\BoardCreateTest" classname="Tests.Feature.Board.BoardCreateTest" assertions="7" time="0.033027"/>
          <testcase name="it cannot create board with duplicated, too long, too short or empty name with data set &quot;('')&quot;" file="tests/Feature/Board/BoardCreateTest.php::it cannot create board with duplicated, too long, too short or empty name with data set &quot;('')&quot;" class="Tests\Feature\Board\BoardCreateTest" classname="Tests.Feature.Board.BoardCreateTest" assertions="7" time="0.031164"/>
        </testsuite>
        <testsuite name="Tests\Feature\Board\BoardCreateTest::__pest_evaluable_it_cannot_create_board_with_too_short__too_long_or_empty_description" tests="3" assertions="21" errors="0" failures="0" skipped="0" time="0.099757">
          <testcase name="it cannot create board with too short, too long or empty description with data set &quot;('12345')&quot;" file="tests/Feature/Board/BoardCreateTest.php::it cannot create board with too short, too long or empty description with data set &quot;('12345')&quot;" class="Tests\Feature\Board\BoardCreateTest" classname="Tests.Feature.Board.BoardCreateTest" assertions="7" time="0.032537"/>
          <testcase name="it cannot create board with too short, too long or empty description with data set &quot;('My too long board description…y long')&quot;" file="tests/Feature/Board/BoardCreateTest.php::it cannot create board with too short, too long or empty description with data set &quot;('My too long board description…y long')&quot;" class="Tests\Feature\Board\BoardCreateTest" classname="Tests.Feature.Board.BoardCreateTest" assertions="7" time="0.034128"/>
          <testcase name="it cannot create board with too short, too long or empty description with data set &quot;('')&quot;" file="tests/Feature/Board/BoardCreateTest.php::it cannot create board with too short, too long or empty description with data set &quot;('')&quot;" class="Tests\Feature\Board\BoardCreateTest" classname="Tests.Feature.Board.BoardCreateTest" assertions="7" time="0.033092"/>
        </testsuite>
        <testcase name="it cannot create a board with capacity less than 2" file="tests/Feature/Board/BoardCreateTest.php::it cannot create a board with capacity less than 2" class="Tests\Feature\Board\BoardCreateTest" classname="Tests.Feature.Board.BoardCreateTest" assertions="6" time="0.036224"/>
        <testcase name="it cannot create a board with too high capacity" file="tests/Feature/Board/BoardCreateTest.php::it cannot create a board with too high capacity" class="Tests\Feature\Board\BoardCreateTest" classname="Tests.Feature.Board.BoardCreateTest" assertions="6" time="0.032195"/>
      </testsuite>
      <testsuite name="Tests\Feature\Board\BoardDeleteTest" file="tests/Feature/Board/BoardDeleteTest.php" tests="3" assertions="24" errors="0" failures="0" skipped="0" time="0.128370">
        <testcase name="it can delete a board if have role master" file="tests/Feature/Board/BoardDeleteTest.php::it can delete a board if have role master" class="Tests\Feature\Board\BoardDeleteTest" classname="Tests.Feature.Board.BoardDeleteTest" assertions="12" time="0.061462"/>
        <testcase name="it cannot delete à board if have role player" file="tests/Feature/Board/BoardDeleteTest.php::it cannot delete à board if have role player" class="Tests\Feature\Board\BoardDeleteTest" classname="Tests.Feature.Board.BoardDeleteTest" assertions="10" time="0.037457"/>
        <testcase name="it cannot delete a board if unauthenticated" file="tests/Feature/Board/BoardDeleteTest.php::it cannot delete a board if unauthenticated" class="Tests\Feature\Board\BoardDeleteTest" classname="Tests.Feature.Board.BoardDeleteTest" assertions="2" time="0.029451"/>
      </testsuite>
      <testsuite name="Tests\Feature\Board\BoardUpdateTest" file="tests/Feature/Board/BoardUpdateTest.php" tests="10" assertions="9" errors="0" failures="0" skipped="7" time="0.254653">
        <testcase name="master can update a board" file="tests/Feature/Board/BoardUpdateTest.php::master can update a board" class="Tests\Feature\Board\BoardUpdateTest" classname="Tests.Feature.Board.BoardUpdateTest" assertions="3" time="0.040392"/>
        <testcase name="user cannot update a board" file="tests/Feature/Board/BoardUpdateTest.php::user cannot update a board" class="Tests\Feature\Board\BoardUpdateTest" classname="Tests.Feature.Board.BoardUpdateTest" assertions="3" time="0.034802"/>
        <testcase name="the master cannot update a board with invalid data" file="tests/Feature/Board/BoardUpdateTest.php::the master cannot update a board with invalid data" class="Tests\Feature\Board\BoardUpdateTest" classname="Tests.Feature.Board.BoardUpdateTest" assertions="3" time="0.035320"/>
        <testcase name="it cannot update a board with too short name" file="tests/Feature/Board/BoardUpdateTest.php::it cannot update a board with too short name" class="Tests\Feature\Board\BoardUpdateTest" classname="Tests.Feature.Board.BoardUpdateTest" assertions="0" time="0.021893">
          <skipped/>
        </testcase>
        <testcase name="it cannot update a board with duplicated name" file="tests/Feature/Board/BoardUpdateTest.php::it cannot update a board with duplicated name" class="Tests\Feature\Board\BoardUpdateTest" classname="Tests.Feature.Board.BoardUpdateTest" assertions="0" time="0.020900">
          <skipped/>
        </testcase>
        <testcase name="it cannot update a board with too short description" file="tests/Feature/Board/BoardUpdateTest.php::it cannot update a board with too short description" class="Tests\Feature\Board\BoardUpdateTest" classname="Tests.Feature.Board.BoardUpdateTest" assertions="0" time="0.020155">
          <skipped/>
        </testcase>
        <testcase name="it cannot update a board with too low capacity" file="tests/Feature/Board/BoardUpdateTest.php::it cannot update a board with too low capacity" class="Tests\Feature\Board\BoardUpdateTest" classname="Tests.Feature.Board.BoardUpdateTest" assertions="0" time="0.020153">
          <skipped/>
        </testcase>
        <testcase name="it cannot update a board with too long name" file="tests/Feature/Board/BoardUpdateTest.php::it cannot update a board with too long name" class="Tests\Feature\Board\BoardUpdateTest" classname="Tests.Feature.Board.BoardUpdateTest" assertions="0" time="0.020349">
          <skipped/>
        </testcase>
        <testcase name="it cannot update a board with too long description" file="tests/Feature/Board/BoardUpdateTest.php::it cannot update a board with too long description" class="Tests\Feature\Board\BoardUpdateTest" classname="Tests.Feature.Board.BoardUpdateTest" assertions="0" time="0.020419">
          <skipped/>
        </testcase>
        <testcase name="it cannot update a board with too high capacity" file="tests/Feature/Board/BoardUpdateTest.php::it cannot update a board with too high capacity" class="Tests\Feature\Board\BoardUpdateTest" classname="Tests.Feature.Board.BoardUpdateTest" assertions="0" time="0.020271">
          <skipped/>
        </testcase>
      </testsuite>
      <testsuite name="Tests\Feature\Chat\ChatTest" file="tests/Feature/Chat/ChatTest.php" tests="7" assertions="0" errors="0" failures="0" skipped="7" time="0.154297">
        <testcase name="it can send message" file="tests/Feature/Chat/ChatTest.php::it can send message" class="Tests\Feature\Chat\ChatTest" classname="Tests.Feature.Chat.ChatTest" assertions="0" time="0.031425">
          <skipped/>
        </testcase>
        <testcase name="it can receive message" file="tests/Feature/Chat/ChatTest.php::it can receive message" class="Tests\Feature\Chat\ChatTest" classname="Tests.Feature.Chat.ChatTest" assertions="0" time="0.020280">
          <skipped/>
        </testcase>
        <testcase name="it can see messages" file="tests/Feature/Chat/ChatTest.php::it can see messages" class="Tests\Feature\Chat\ChatTest" classname="Tests.Feature.Chat.ChatTest" assertions="0" time="0.020112">
          <skipped/>
        </testcase>
        <testcase name="it can delete message" file="tests/Feature/Chat/ChatTest.php::it can delete message" class="Tests\Feature\Chat\ChatTest" classname="Tests.Feature.Chat.ChatTest" assertions="0" time="0.020583">
          <skipped/>
        </testcase>
        <testcase name="it can send private message" file="tests/Feature/Chat/ChatTest.php::it can send private message" class="Tests\Feature\Chat\ChatTest" classname="Tests.Feature.Chat.ChatTest" assertions="0" time="0.021135">
          <skipped/>
        </testcase>
        <testcase name="it can read private message" file="tests/Feature/Chat/ChatTest.php::it can read private message" class="Tests\Feature\Chat\ChatTest" classname="Tests.Feature.Chat.ChatTest" assertions="0" time="0.020284">
          <skipped/>
        </testcase>
        <testcase name="it can delete private message" file="tests/Feature/Chat/ChatTest.php::it can delete private message" class="Tests\Feature\Chat\ChatTest" classname="Tests.Feature.Chat.ChatTest" assertions="0" time="0.020478">
          <skipped/>
        </testcase>
      </testsuite>
      <testsuite name="Tests\Feature\ExampleTest" file="Example (Tests\Feature\Example)" tests="1" assertions="1" errors="0" failures="0" skipped="0" time="0.034488">
        <testcase name="The application returns a successful response" file="Example (Tests\Feature\Example)::The application returns a successful response" class="Tests\Feature\ExampleTest" classname="Tests.Feature.ExampleTest" assertions="1" time="0.034488"/>
      </testsuite>
      <testsuite name="Tests\Feature\Log\LogsTest" file="tests/Feature/Log/LogsTest.php" tests="5" assertions="0" errors="0" failures="0" skipped="5" time="0.112934">
        <testcase name="it can create log" file="tests/Feature/Log/LogsTest.php::it can create log" class="Tests\Feature\Log\LogsTest" classname="Tests.Feature.Log.LogsTest" assertions="0" time="0.024401">
          <skipped/>
        </testcase>
        <testcase name="it can delete log" file="tests/Feature/Log/LogsTest.php::it can delete log" class="Tests\Feature\Log\LogsTest" classname="Tests.Feature.Log.LogsTest" assertions="0" time="0.020209">
          <skipped/>
        </testcase>
        <testcase name="it can show all logs" file="tests/Feature/Log/LogsTest.php::it can show all logs" class="Tests\Feature\Log\LogsTest" classname="Tests.Feature.Log.LogsTest" assertions="0" time="0.020293">
          <skipped/>
        </testcase>
        <testcase name="it can show a log" file="tests/Feature/Log/LogsTest.php::it can show a log" class="Tests\Feature\Log\LogsTest" classname="Tests.Feature.Log.LogsTest" assertions="0" time="0.021665">
          <skipped/>
        </testcase>
        <testcase name="it can show a specific log" file="tests/Feature/Log/LogsTest.php::it can show a specific log" class="Tests\Feature\Log\LogsTest" classname="Tests.Feature.Log.LogsTest" assertions="0" time="0.026365">
          <skipped/>
        </testcase>
      </testsuite>
      <testsuite name="Tests\Feature\PermissionTest" file="tests/Feature/PermissionTest.php" tests="4" assertions="12" errors="0" failures="0" skipped="0" time="0.162929">
        <testsuite name="Tests\Feature\PermissionTest::__pest_evaluable_it_fails_with_incorrect_role_or_permission" tests="2" assertions="4" errors="0" failures="0" skipped="0" time="0.069234">
          <testcase name="it fails with incorrect role or permission with data set &quot;('user', 'delete-board', 'You do not have the required … role.')&quot;" file="tests/Feature/PermissionTest.php::it fails with incorrect role or permission with data set &quot;('user', 'delete-board', 'You do not have the required … role.')&quot;" class="Tests\Feature\PermissionTest" classname="Tests.Feature.PermissionTest" assertions="2" time="0.037787"/>
          <testcase name="it fails with incorrect role or permission with data set &quot;('master', 'delete-board222', 'Your role does not have the r…sions.')&quot;" file="tests/Feature/PermissionTest.php::it fails with incorrect role or permission with data set &quot;('master', 'delete-board222', 'Your role does not have the r…sions.')&quot;" class="Tests\Feature\PermissionTest" classname="Tests.Feature.PermissionTest" assertions="2" time="0.031447"/>
        </testsuite>
        <testcase name="user with correct role and permission can access board" file="tests/Feature/PermissionTest.php::user with correct role and permission can access board" class="Tests\Feature\PermissionTest" classname="Tests.Feature.PermissionTest" assertions="4" time="0.047707"/>
        <testcase name="user with global and board roles and permission" file="tests/Feature/PermissionTest.php::user with global and board roles and permission" class="Tests\Feature\PermissionTest" classname="Tests.Feature.PermissionTest" assertions="4" time="0.045988"/>
      </testsuite>
      <testsuite name="Tests\Feature\PlayerBoard\PlayerBoardCreateTest" file="tests/Feature/PlayerBoard/PlayerBoardCreateTest.php" tests="5" assertions="42" errors="0" failures="0" skipped="0" time="0.194925">
        <testcase name="it can join a board with right code" file="tests/Feature/PlayerBoard/PlayerBoardCreateTest.php::it can join a board with right code" class="Tests\Feature\PlayerBoard\PlayerBoardCreateTest" classname="Tests.Feature.PlayerBoard.PlayerBoardCreateTest" assertions="9" time="0.049004"/>
        <testsuite name="Tests\Feature\PlayerBoard\PlayerBoardCreateTest::__pest_evaluable_it_cannot_join_boards_with_wrong_or_empty_invite_code" tests="3" assertions="21" errors="0" failures="0" skipped="0" time="0.097372">
          <testcase name="it cannot join boards with wrong or empty invite code with data set &quot;('12345')&quot;" file="tests/Feature/PlayerBoard/PlayerBoardCreateTest.php::it cannot join boards with wrong or empty invite code with data set &quot;('12345')&quot;" class="Tests\Feature\PlayerBoard\PlayerBoardCreateTest" classname="Tests.Feature.PlayerBoard.PlayerBoardCreateTest" assertions="7" time="0.032744"/>
          <testcase name="it cannot join boards with wrong or empty invite code with data set &quot;('bonjour')&quot;" file="tests/Feature/PlayerBoard/PlayerBoardCreateTest.php::it cannot join boards with wrong or empty invite code with data set &quot;('bonjour')&quot;" class="Tests\Feature\PlayerBoard\PlayerBoardCreateTest" classname="Tests.Feature.PlayerBoard.PlayerBoardCreateTest" assertions="7" time="0.032206"/>
          <testcase name="it cannot join boards with wrong or empty invite code with data set &quot;('')&quot;" file="tests/Feature/PlayerBoard/PlayerBoardCreateTest.php::it cannot join boards with wrong or empty invite code with data set &quot;('')&quot;" class="Tests\Feature\PlayerBoard\PlayerBoardCreateTest" classname="Tests.Feature.PlayerBoard.PlayerBoardCreateTest" assertions="7" time="0.032422"/>
        </testsuite>
        <testcase name="it cannot join a full board" file="tests/Feature/PlayerBoard/PlayerBoardCreateTest.php::it cannot join a full board" class="Tests\Feature\PlayerBoard\PlayerBoardCreateTest" classname="Tests.Feature.PlayerBoard.PlayerBoardCreateTest" assertions="12" time="0.048549"/>
      </testsuite>
      <testsuite name="Tests\Feature\PlayerBoard\PlayerBoardDeleteTest" file="tests/Feature/PlayerBoard/PlayerBoardDeleteTest.php" tests="6" assertions="43" errors="0" failures="0" skipped="0" time="0.209311">
        <testcase name="it can leave a board successfully" file="tests/Feature/PlayerBoard/PlayerBoardDeleteTest.php::it can leave a board successfully" class="Tests\Feature\PlayerBoard\PlayerBoardDeleteTest" classname="Tests.Feature.PlayerBoard.PlayerBoardDeleteTest" assertions="11" time="0.047639"/>
        <testcase name="it can leave a board successfully if other users remain" file="tests/Feature/PlayerBoard/PlayerBoardDeleteTest.php::it can leave a board successfully if other users remain" class="Tests\Feature\PlayerBoard\PlayerBoardDeleteTest" classname="Tests.Feature.PlayerBoard.PlayerBoardDeleteTest" assertions="9" time="0.037165"/>
        <testcase name="it returns 404 if board that user try to leave does not exist" file="tests/Feature/PlayerBoard/PlayerBoardDeleteTest.php::it returns 404 if board that user try to leave does not exist" class="Tests\Feature\PlayerBoard\PlayerBoardDeleteTest" classname="Tests.Feature.PlayerBoard.PlayerBoardDeleteTest" assertions="1" time="0.027334"/>
        <testcase name="it cannot leave a board if it will be empty" file="tests/Feature/PlayerBoard/PlayerBoardDeleteTest.php::it cannot leave a board if it will be empty" class="Tests\Feature\PlayerBoard\PlayerBoardDeleteTest" classname="Tests.Feature.PlayerBoard.PlayerBoardDeleteTest" assertions="8" time="0.032347"/>
        <testcase name="it cannot leave a board if user is not a member" file="tests/Feature/PlayerBoard/PlayerBoardDeleteTest.php::it cannot leave a board if user is not a member" class="Tests\Feature\PlayerBoard\PlayerBoardDeleteTest" classname="Tests.Feature.PlayerBoard.PlayerBoardDeleteTest" assertions="6" time="0.030689"/>
        <testcase name="it cannot leave a board if user have role master" file="tests/Feature/PlayerBoard/PlayerBoardDeleteTest.php::it cannot leave a board if user have role master" class="Tests\Feature\PlayerBoard\PlayerBoardDeleteTest" classname="Tests.Feature.PlayerBoard.PlayerBoardDeleteTest" assertions="8" time="0.034137"/>
      </testsuite>
      <testsuite name="Tests\Feature\PlayerBoard\PlayerBoardReadTest" file="tests/Feature/PlayerBoard/PlayerBoardReadTest.php" tests="5" assertions="143" errors="0" failures="0" skipped="0" time="0.227832">
        <testcase name="it sent a 404 error when accessing a board that do not exist" file="tests/Feature/PlayerBoard/PlayerBoardReadTest.php::it sent a 404 error when accessing a board that do not exist" class="Tests\Feature\PlayerBoard\PlayerBoardReadTest" classname="Tests.Feature.PlayerBoard.PlayerBoardReadTest" assertions="2" time="0.039203"/>
        <testcase name="it paginate boards" file="tests/Feature/PlayerBoard/PlayerBoardReadTest.php::it paginate boards" class="Tests\Feature\PlayerBoard\PlayerBoardReadTest" classname="Tests.Feature.PlayerBoard.PlayerBoardReadTest" assertions="5" time="0.053269"/>
        <testcase name="it displays all the user boards and does not send back other players boards" file="tests/Feature/PlayerBoard/PlayerBoardReadTest.php::it displays all the user boards and does not send back other players boards" class="Tests\Feature\PlayerBoard\PlayerBoardReadTest" classname="Tests.Feature.PlayerBoard.PlayerBoardReadTest" assertions="59" time="0.044154"/>
        <testcase name="it displays all users associated with a board" file="tests/Feature/PlayerBoard/PlayerBoardReadTest.php::it displays all users associated with a board" class="Tests\Feature\PlayerBoard\PlayerBoardReadTest" classname="Tests.Feature.PlayerBoard.PlayerBoardReadTest" assertions="39" time="0.046508"/>
        <testcase name="it displays a board with details" file="tests/Feature/PlayerBoard/PlayerBoardReadTest.php::it displays a board with details" class="Tests\Feature\PlayerBoard\PlayerBoardReadTest" classname="Tests.Feature.PlayerBoard.PlayerBoardReadTest" assertions="38" time="0.044699"/>
      </testsuite>
      <testsuite name="Tests\Feature\ProfileTest" file="tests/Feature/ProfileTest.php" tests="5" assertions="21" errors="0" failures="0" skipped="0" time="0.225656">
        <testcase name="profile page is displayed" file="tests/Feature/ProfileTest.php::profile page is displayed" class="Tests\Feature\ProfileTest" classname="Tests.Feature.ProfileTest" assertions="1" time="0.107385"/>
        <testcase name="profile information can be updated" file="tests/Feature/ProfileTest.php::profile information can be updated" class="Tests\Feature\ProfileTest" classname="Tests.Feature.ProfileTest" assertions="6" time="0.031200"/>
        <testcase name="email verification status is unchanged when the email address is unchanged" file="tests/Feature/ProfileTest.php::email verification status is unchanged when the email address is unchanged" class="Tests\Feature\ProfileTest" classname="Tests.Feature.ProfileTest" assertions="4" time="0.030678"/>
        <testcase name="user can delete their account" file="tests/Feature/ProfileTest.php::user can delete their account" class="Tests\Feature\ProfileTest" classname="Tests.Feature.ProfileTest" assertions="5" time="0.028314"/>
        <testcase name="correct password must be provided to delete account" file="tests/Feature/ProfileTest.php::correct password must be provided to delete account" class="Tests\Feature\ProfileTest" classname="Tests.Feature.ProfileTest" assertions="5" time="0.028078"/>
      </testsuite>
      <testsuite name="Tests\Feature\Route\RouteTest" file="tests/Feature/Route/RouteTest.php" tests="4" assertions="4" errors="0" failures="0" skipped="0" time="0.102595">
        <testcase name="it show homepage" file="tests/Feature/Route/RouteTest.php::it show homepage" class="Tests\Feature\Route\RouteTest" classname="Tests.Feature.Route.RouteTest" assertions="1" time="0.029897"/>
        <testcase name="it show login page" file="tests/Feature/Route/RouteTest.php::it show login page" class="Tests\Feature\Route\RouteTest" classname="Tests.Feature.Route.RouteTest" assertions="1" time="0.027293"/>
        <testcase name="it sent a 302 error when guests try to see boards" file="tests/Feature/Route/RouteTest.php::it sent a 302 error when guests try to see boards" class="Tests\Feature\Route\RouteTest" classname="Tests.Feature.Route.RouteTest" assertions="1" time="0.022645"/>
        <testcase name="it sent a 302 error when guests try to see templates" file="tests/Feature/Route/RouteTest.php::it sent a 302 error when guests try to see templates" class="Tests\Feature\Route\RouteTest" classname="Tests.Feature.Route.RouteTest" assertions="1" time="0.022761"/>
      </testsuite>
      <testsuite name="Tests\Feature\Template\TemplateCreateTest" file="tests/Feature/Template/TemplateCreateTest.php" tests="4" assertions="5" errors="0" failures="0" skipped="3" time="0.098285">
        <testcase name="it can create a template with react-grid-layout" file="tests/Feature/Template/TemplateCreateTest.php::it can create a template with react-grid-layout" class="Tests\Feature\Template\TemplateCreateTest" classname="Tests.Feature.Template.TemplateCreateTest" assertions="5" time="0.038336"/>
        <testcase name="it cannot create a template without name" file="tests/Feature/Template/TemplateCreateTest.php::it cannot create a template without name" class="Tests\Feature\Template\TemplateCreateTest" classname="Tests.Feature.Template.TemplateCreateTest" assertions="0" time="0.020189">
          <skipped/>
        </testcase>
        <testcase name="it cannot create a template without content" file="tests/Feature/Template/TemplateCreateTest.php::it cannot create a template without content" class="Tests\Feature\Template\TemplateCreateTest" classname="Tests.Feature.Template.TemplateCreateTest" assertions="0" time="0.019938">
          <skipped/>
        </testcase>
        <testcase name="it cannot create a template without type" file="tests/Feature/Template/TemplateCreateTest.php::it cannot create a template without type" class="Tests\Feature\Template\TemplateCreateTest" classname="Tests.Feature.Template.TemplateCreateTest" assertions="0" time="0.019822">
          <skipped/>
        </testcase>
      </testsuite>
      <testsuite name="Tests\Feature\Template\TemplateDeleteTest" file="tests/Feature/Template/TemplateDeleteTest.php" tests="1" assertions="0" errors="0" failures="0" skipped="1" time="0.024782">
        <testcase name="it can delete template" file="tests/Feature/Template/TemplateDeleteTest.php::it can delete template" class="Tests\Feature\Template\TemplateDeleteTest" classname="Tests.Feature.Template.TemplateDeleteTest" assertions="0" time="0.024782">
          <skipped/>
        </testcase>
      </testsuite>
      <testsuite name="Tests\Feature\Template\TemplateUpdateTest" file="tests/Feature/Template/TemplateUpdateTest.php" tests="1" assertions="0" errors="0" failures="0" skipped="1" time="0.024921">
        <testcase name="it can edit template with react-grid-layout" file="tests/Feature/Template/TemplateUpdateTest.php::it can edit template with react-grid-layout" class="Tests\Feature\Template\TemplateUpdateTest" classname="Tests.Feature.Template.TemplateUpdateTest" assertions="0" time="0.024921">
          <skipped/>
        </testcase>
      </testsuite>
    </testsuite>
  </testsuite>
</testsuites>
